  [1m[36m (185.9ms)[0m  [1mCREATE TABLE "schema_migrations" ("version" varchar(255) NOT NULL) [0m
  [1m[35m (0.3ms)[0m  select sqlite_version(*)
  [1m[36m (213.2ms)[0m  [1mCREATE UNIQUE INDEX "unique_schema_migrations" ON "schema_migrations" ("version")[0m
  [1m[35mActiveRecord::SchemaMigration Load (0.3ms)[0m  SELECT "schema_migrations".* FROM "schema_migrations"


Started GET "/" for 127.0.0.1 at 2014-10-19 09:51:37 +0200
Processing by Rails::WelcomeController#index as HTML
  Rendered /home/ja/.rvm/gems/ruby-2.1.2/gems/railties-4.1.5/lib/rails/templates/rails/welcome/index.html.erb (27.3ms)
Completed 200 OK in 224ms (Views: 193.9ms | ActiveRecord: 0.0ms)
  [1m[36m (24.0ms)[0m  [1mCREATE TABLE "schema_migrations" ("version" character varying(255) NOT NULL) [0m
  [1m[35m (99.7ms)[0m  CREATE UNIQUE INDEX  "unique_schema_migrations" ON "schema_migrations"  ("version")
  [1m[36mActiveRecord::SchemaMigration Load (0.8ms)[0m  [1mSELECT "schema_migrations".* FROM "schema_migrations"[0m
  [1m[36mActiveRecord::SchemaMigration Load (0.8ms)[0m  [1mSELECT "schema_migrations".* FROM "schema_migrations"[0m


Started GET "/" for 127.0.0.1 at 2014-10-19 10:23:42 +0200
Processing by Rails::WelcomeController#index as HTML
  Rendered /home/ja/.rvm/gems/ruby-2.1.2/gems/railties-4.1.5/lib/rails/templates/rails/welcome/index.html.erb (2.4ms)
Completed 200 OK in 67ms (Views: 52.3ms | ActiveRecord: 0.0ms)


Started GET "/" for 127.0.0.1 at 2014-10-19 10:26:49 +0200

ActionController::RoutingError (uninitialized constant StaticPagesController):
  activesupport (4.1.5) lib/active_support/inflector/methods.rb:238:in `const_get'
  activesupport (4.1.5) lib/active_support/inflector/methods.rb:238:in `block in constantize'
  activesupport (4.1.5) lib/active_support/inflector/methods.rb:236:in `each'
  activesupport (4.1.5) lib/active_support/inflector/methods.rb:236:in `inject'
  activesupport (4.1.5) lib/active_support/inflector/methods.rb:236:in `constantize'
  actionpack (4.1.5) lib/action_dispatch/routing/route_set.rb:78:in `controller_reference'
  actionpack (4.1.5) lib/action_dispatch/routing/route_set.rb:68:in `controller'
  actionpack (4.1.5) lib/action_dispatch/routing/route_set.rb:46:in `call'
  actionpack (4.1.5) lib/action_dispatch/journey/router.rb:71:in `block in call'
  actionpack (4.1.5) lib/action_dispatch/journey/router.rb:59:in `each'
  actionpack (4.1.5) lib/action_dispatch/journey/router.rb:59:in `call'
  actionpack (4.1.5) lib/action_dispatch/routing/route_set.rb:678:in `call'
  rack (1.5.2) lib/rack/etag.rb:23:in `call'
  rack (1.5.2) lib/rack/conditionalget.rb:25:in `call'
  rack (1.5.2) lib/rack/head.rb:11:in `call'
  actionpack (4.1.5) lib/action_dispatch/middleware/params_parser.rb:27:in `call'
  actionpack (4.1.5) lib/action_dispatch/middleware/flash.rb:254:in `call'
  rack (1.5.2) lib/rack/session/abstract/id.rb:225:in `context'
  rack (1.5.2) lib/rack/session/abstract/id.rb:220:in `call'
  actionpack (4.1.5) lib/action_dispatch/middleware/cookies.rb:560:in `call'
  activerecord (4.1.5) lib/active_record/query_cache.rb:36:in `call'
  activerecord (4.1.5) lib/active_record/connection_adapters/abstract/connection_pool.rb:621:in `call'
  activerecord (4.1.5) lib/active_record/migration.rb:380:in `call'
  actionpack (4.1.5) lib/action_dispatch/middleware/callbacks.rb:29:in `block in call'
  activesupport (4.1.5) lib/active_support/callbacks.rb:82:in `run_callbacks'
  actionpack (4.1.5) lib/action_dispatch/middleware/callbacks.rb:27:in `call'
  actionpack (4.1.5) lib/action_dispatch/middleware/reloader.rb:73:in `call'
  actionpack (4.1.5) lib/action_dispatch/middleware/remote_ip.rb:76:in `call'
  actionpack (4.1.5) lib/action_dispatch/middleware/debug_exceptions.rb:17:in `call'
  actionpack (4.1.5) lib/action_dispatch/middleware/show_exceptions.rb:30:in `call'
  railties (4.1.5) lib/rails/rack/logger.rb:38:in `call_app'
  railties (4.1.5) lib/rails/rack/logger.rb:20:in `block in call'
  activesupport (4.1.5) lib/active_support/tagged_logging.rb:68:in `block in tagged'
  activesupport (4.1.5) lib/active_support/tagged_logging.rb:26:in `tagged'
  activesupport (4.1.5) lib/active_support/tagged_logging.rb:68:in `tagged'
  railties (4.1.5) lib/rails/rack/logger.rb:20:in `call'
  actionpack (4.1.5) lib/action_dispatch/middleware/request_id.rb:21:in `call'
  rack (1.5.2) lib/rack/methodoverride.rb:21:in `call'
  rack (1.5.2) lib/rack/runtime.rb:17:in `call'
  activesupport (4.1.5) lib/active_support/cache/strategy/local_cache_middleware.rb:26:in `call'
  rack (1.5.2) lib/rack/lock.rb:17:in `call'
  actionpack (4.1.5) lib/action_dispatch/middleware/static.rb:64:in `call'
  rack (1.5.2) lib/rack/sendfile.rb:112:in `call'
  railties (4.1.5) lib/rails/engine.rb:514:in `call'
  railties (4.1.5) lib/rails/application.rb:144:in `call'
  rack (1.5.2) lib/rack/lock.rb:17:in `call'
  rack (1.5.2) lib/rack/content_length.rb:14:in `call'
  rack (1.5.2) lib/rack/handler/webrick.rb:60:in `service'
  /home/ja/.rvm/rubies/ruby-2.1.2/lib/ruby/2.1.0/webrick/httpserver.rb:138:in `service'
  /home/ja/.rvm/rubies/ruby-2.1.2/lib/ruby/2.1.0/webrick/httpserver.rb:94:in `run'
  /home/ja/.rvm/rubies/ruby-2.1.2/lib/ruby/2.1.0/webrick/server.rb:295:in `block in start_thread'


  Rendered /home/ja/.rvm/gems/ruby-2.1.2/gems/actionpack-4.1.5/lib/action_dispatch/middleware/templates/rescues/_trace.html.erb (2.1ms)
  Rendered /home/ja/.rvm/gems/ruby-2.1.2/gems/actionpack-4.1.5/lib/action_dispatch/middleware/templates/routes/_route.html.erb (1.2ms)
  Rendered /home/ja/.rvm/gems/ruby-2.1.2/gems/actionpack-4.1.5/lib/action_dispatch/middleware/templates/routes/_table.html.erb (66.6ms)
  Rendered /home/ja/.rvm/gems/ruby-2.1.2/gems/actionpack-4.1.5/lib/action_dispatch/middleware/templates/rescues/routing_error.html.erb within rescues/layout (341.3ms)


Started GET "/" for 127.0.0.1 at 2014-10-19 10:30:43 +0200
Processing by StaticPagesController#home as HTML
  Rendered static_pages/home.html.erb within layouts/application (2.2ms)
Completed 200 OK in 2537ms (Views: 2520.7ms | ActiveRecord: 0.0ms)


Started GET "/assets/application.css?body=1" for 127.0.0.1 at 2014-10-19 10:30:45 +0200


Started GET "/assets/jquery.js?body=1" for 127.0.0.1 at 2014-10-19 10:30:46 +0200


Started GET "/assets/jquery_ujs.js?body=1" for 127.0.0.1 at 2014-10-19 10:30:46 +0200


Started GET "/assets/turbolinks.js?body=1" for 127.0.0.1 at 2014-10-19 10:30:46 +0200


Started GET "/assets/application.js?body=1" for 127.0.0.1 at 2014-10-19 10:30:46 +0200


Started GET "/" for 127.0.0.1 at 2014-10-19 10:32:19 +0200
Processing by StaticPagesController#home as HTML
  Rendered static_pages/home.html.erb within layouts/application (1.1ms)
Completed 200 OK in 642ms (Views: 640.4ms | ActiveRecord: 0.0ms)


Started GET "/assets/static_pages.css?body=1" for 127.0.0.1 at 2014-10-19 10:32:20 +0200


Started GET "/assets/application.css?body=1" for 127.0.0.1 at 2014-10-19 10:32:20 +0200


Started GET "/assets/jquery.js?body=1" for 127.0.0.1 at 2014-10-19 10:32:20 +0200


Started GET "/assets/jquery_ujs.js?body=1" for 127.0.0.1 at 2014-10-19 10:32:20 +0200


Started GET "/assets/turbolinks.js?body=1" for 127.0.0.1 at 2014-10-19 10:32:20 +0200


Started GET "/assets/static_pages.js?body=1" for 127.0.0.1 at 2014-10-19 10:32:20 +0200


Started GET "/assets/application.js?body=1" for 127.0.0.1 at 2014-10-19 10:32:20 +0200
  [1m[36m (1022.8ms)[0m  [1mCREATE TABLE "schema_migrations" ("version" character varying(255) NOT NULL) [0m
  [1m[35m (256.7ms)[0m  CREATE UNIQUE INDEX  "unique_schema_migrations" ON "schema_migrations"  ("version")
  [1m[36mActiveRecord::SchemaMigration Load (12.7ms)[0m  [1mSELECT "schema_migrations".* FROM "schema_migrations"[0m
Migrating to CreateUsers (20141019084612)
  [1m[35m (0.2ms)[0m  BEGIN
  [1m[36m (520.6ms)[0m  [1mCREATE TABLE "users" ("id" serial primary key, "name" character varying(255), "email" character varying(255), "created_at" timestamp, "updated_at" timestamp) [0m
  [1m[35mSQL (49.7ms)[0m  INSERT INTO "schema_migrations" ("version") VALUES ($1)  [["version", "20141019084612"]]
  [1m[36m (57.5ms)[0m  [1mCOMMIT[0m
Migrating to CreateTasks (20141019085533)
  [1m[35m (0.5ms)[0m  BEGIN
  [1m[36m (51.6ms)[0m  [1mCREATE TABLE "tasks" ("id" serial primary key, "list_id" integer, "name" character varying(255), "status" boolean, "execution_date" date, "created_at" timestamp, "updated_at" timestamp) [0m
  [1m[35mSQL (0.5ms)[0m  INSERT INTO "schema_migrations" ("version") VALUES ($1)  [["version", "20141019085533"]]
  [1m[36m (40.4ms)[0m  [1mCOMMIT[0m
Migrating to CreateLists (20141019085645)
  [1m[35m (0.3ms)[0m  BEGIN
  [1m[36m (110.4ms)[0m  [1mCREATE TABLE "lists" ("id" serial primary key, "user_id" integer, "name" character varying(255), "created_at" timestamp, "updated_at" timestamp) [0m
  [1m[35mSQL (0.4ms)[0m  INSERT INTO "schema_migrations" ("version") VALUES ($1)  [["version", "20141019085645"]]
  [1m[36m (17.4ms)[0m  [1mCOMMIT[0m
  [1m[35mActiveRecord::SchemaMigration Load (0.5ms)[0m  SELECT "schema_migrations".* FROM "schema_migrations"
